{"/Users/lkb/code/bluesky15/bluesky15.github.io/scripts/build-posts.mjs": {"path":"/Users/lkb/code/bluesky15/bluesky15.github.io/scripts/build-posts.mjs","statementMap":{"0":{"start":{"line":1,"column":99},"end":{"line":1,"column":140}},"1":{"start":{"line":1,"column":163},"end":{"line":1,"column":205}},"2":{"start":{"line":1,"column":225},"end":{"line":1,"column":264}},"3":{"start":{"line":1,"column":288},"end":{"line":1,"column":331}},"4":{"start":{"line":1,"column":348},"end":{"line":1,"column":384}},"5":{"start":{"line":2,"column":96},"end":{"line":2,"column":132}},"6":{"start":{"line":3,"column":103},"end":{"line":3,"column":147}},"7":{"start":{"line":7,"column":18},"end":{"line":7,"column":33}},"8":{"start":{"line":8,"column":16},"end":{"line":8,"column":29}},"9":{"start":{"line":9,"column":18},"end":{"line":9,"column":40}},"10":{"start":{"line":10,"column":17},"end":{"line":10,"column":42}},"11":{"start":{"line":11,"column":16},"end":{"line":11,"column":37}},"12":{"start":{"line":14,"column":15},"end":{"line":14,"column":40}},"13":{"start":{"line":15,"column":27},"end":{"line":15,"column":39}},"14":{"start":{"line":17,"column":18},"end":{"line":19,"column":3}},"15":{"start":{"line":18,"column":11},"end":{"line":18,"column":null}},"16":{"start":{"line":20,"column":2},"end":{"line":22,"column":null}},"17":{"start":{"line":21,"column":4},"end":{"line":21,"column":null}},"18":{"start":{"line":25,"column":4},"end":{"line":25,"column":88}},"19":{"start":{"line":26,"column":2},"end":{"line":28,"column":null}},"20":{"start":{"line":27,"column":4},"end":{"line":27,"column":null}},"21":{"start":{"line":30,"column":2},"end":{"line":40,"column":null}},"22":{"start":{"line":44,"column":2},"end":{"line":44,"column":null}},"23":{"start":{"line":44,"column":35},"end":{"line":44,"column":63}},"24":{"start":{"line":48,"column":22},"end":{"line":48,"column":43}},"25":{"start":{"line":49,"column":2},"end":{"line":49,"column":null}},"26":{"start":{"line":50,"column":2},"end":{"line":50,"column":null}},"27":{"start":{"line":52,"column":16},"end":{"line":52,"column":80}},"28":{"start":{"line":52,"column":55},"end":{"line":52,"column":72}},"29":{"start":{"line":53,"column":2},"end":{"line":55,"column":null}},"30":{"start":{"line":54,"column":4},"end":{"line":54,"column":null}},"31":{"start":{"line":57,"column":16},"end":{"line":57,"column":18}},"32":{"start":{"line":58,"column":2},"end":{"line":62,"column":null}},"33":{"start":{"line":59,"column":27},"end":{"line":59,"column":89}},"34":{"start":{"line":60,"column":4},"end":{"line":60,"column":null}},"35":{"start":{"line":61,"column":4},"end":{"line":61,"column":null}},"36":{"start":{"line":64,"column":17},"end":{"line":64,"column":33}},"37":{"start":{"line":65,"column":2},"end":{"line":65,"column":null}},"38":{"start":{"line":66,"column":2},"end":{"line":66,"column":null}},"39":{"start":{"line":69,"column":0},"end":{"line":77,"column":null}},"40":{"start":{"line":70,"column":2},"end":{"line":76,"column":null}},"41":{"start":{"line":71,"column":18},"end":{"line":71,"column":37}},"42":{"start":{"line":72,"column":4},"end":{"line":72,"column":null}},"43":{"start":{"line":74,"column":4},"end":{"line":74,"column":null}},"44":{"start":{"line":75,"column":4},"end":{"line":75,"column":null}}},"fnMap":{"0":{"name":"parsePost","decl":{"start":{"line":13,"column":16},"end":{"line":13,"column":25}},"loc":{"start":{"line":13,"column":37},"end":{"line":41,"column":null}},"line":13},"1":{"name":"(anonymous_1)","decl":{"start":{"line":18,"column":4},"end":{"line":18,"column":5}},"loc":{"start":{"line":18,"column":11},"end":{"line":18,"column":null}},"line":18},"2":{"name":"sortPosts","decl":{"start":{"line":43,"column":16},"end":{"line":43,"column":25}},"loc":{"start":{"line":43,"column":33},"end":{"line":45,"column":null}},"line":43},"3":{"name":"(anonymous_3)","decl":{"start":{"line":44,"column":25},"end":{"line":44,"column":26}},"loc":{"start":{"line":44,"column":35},"end":{"line":44,"column":63}},"line":44},"4":{"name":"buildPosts","decl":{"start":{"line":47,"column":16},"end":{"line":47,"column":26}},"loc":{"start":{"line":47,"column":137},"end":{"line":67,"column":null}},"line":47},"5":{"name":"(anonymous_5)","decl":{"start":{"line":52,"column":48},"end":{"line":52,"column":49}},"loc":{"start":{"line":52,"column":55},"end":{"line":52,"column":72}},"line":52}},"branchMap":{"0":{"loc":{"start":{"line":18,"column":11},"end":{"line":18,"column":null}},"type":"binary-expr","locations":[{"start":{"line":18,"column":11},"end":{"line":18,"column":19}},{"start":{"line":18,"column":24},"end":{"line":18,"column":46}},{"start":{"line":18,"column":50},"end":{"line":18,"column":70}}],"line":18},"1":{"loc":{"start":{"line":20,"column":2},"end":{"line":22,"column":null}},"type":"if","locations":[{"start":{"line":20,"column":2},"end":{"line":22,"column":null}},{"start":{},"end":{}}],"line":20},"2":{"loc":{"start":{"line":25,"column":4},"end":{"line":25,"column":88}},"type":"cond-expr","locations":[{"start":{"line":25,"column":32},"end":{"line":25,"column":68}},{"start":{"line":25,"column":71},"end":{"line":25,"column":88}}],"line":25},"3":{"loc":{"start":{"line":26,"column":2},"end":{"line":28,"column":null}},"type":"if","locations":[{"start":{"line":26,"column":2},"end":{"line":28,"column":null}},{"start":{},"end":{}}],"line":26},"4":{"loc":{"start":{"line":34,"column":22},"end":{"line":34,"column":40}},"type":"binary-expr","locations":[{"start":{"line":34,"column":22},"end":{"line":34,"column":34}},{"start":{"line":34,"column":38},"end":{"line":34,"column":40}}],"line":34},"5":{"loc":{"start":{"line":36,"column":13},"end":{"line":36,"column":28}},"type":"binary-expr","locations":[{"start":{"line":36,"column":13},"end":{"line":36,"column":22}},{"start":{"line":36,"column":26},"end":{"line":36,"column":28}}],"line":36},"6":{"loc":{"start":{"line":37,"column":23},"end":{"line":37,"column":42}},"type":"binary-expr","locations":[{"start":{"line":37,"column":23},"end":{"line":37,"column":36}},{"start":{"line":37,"column":40},"end":{"line":37,"column":42}}],"line":37},"7":{"loc":{"start":{"line":47,"column":27},"end":{"line":47,"column":47}},"type":"default-arg","locations":[{"start":{"line":47,"column":38},"end":{"line":47,"column":47}}],"line":47},"8":{"loc":{"start":{"line":47,"column":49},"end":{"line":47,"column":65}},"type":"default-arg","locations":[{"start":{"line":47,"column":58},"end":{"line":47,"column":65}}],"line":47},"9":{"loc":{"start":{"line":47,"column":67},"end":{"line":47,"column":135}},"type":"default-arg","locations":[{"start":{"line":47,"column":72},"end":{"line":47,"column":135}}],"line":47},"10":{"loc":{"start":{"line":53,"column":2},"end":{"line":55,"column":null}},"type":"if","locations":[{"start":{"line":53,"column":2},"end":{"line":55,"column":null}},{"start":{},"end":{}}],"line":53},"11":{"loc":{"start":{"line":69,"column":0},"end":{"line":77,"column":null}},"type":"if","locations":[{"start":{"line":69,"column":0},"end":{"line":77,"column":null}},{"start":{},"end":{}}],"line":69}},"s":{"0":1,"1":1,"2":1,"3":1,"4":1,"5":1,"6":1,"7":1,"8":1,"9":1,"10":1,"11":1,"12":20,"13":20,"14":20,"15":60,"16":20,"17":7,"18":13,"19":20,"20":5,"21":8,"22":4,"23":6,"24":4,"25":4,"26":4,"27":4,"28":5,"29":4,"30":1,"31":3,"32":3,"33":4,"34":4,"35":4,"36":2,"37":2,"38":2,"39":1,"40":0,"41":0,"42":0,"43":0,"44":0},"f":{"0":20,"1":60,"2":4,"3":6,"4":4,"5":5},"b":{"0":[60,54,18],"1":[7,13],"2":[6,7],"3":[5,15],"4":[8,6],"5":[20,0],"6":[20,6],"7":[4],"8":[4],"9":[4],"10":[1,3],"11":[0,1]},"meta":{"lastBranch":12,"lastFunction":6,"lastStatement":45,"seen":{"s:1:99:1:140":0,"s:1:163:1:205":1,"s:1:225:1:264":2,"s:1:288:1:331":3,"s:1:348:1:384":4,"s:2:96:2:132":5,"s:3:103:3:147":6,"s:7:18:7:33":7,"s:8:16:8:29":8,"s:9:18:9:40":9,"s:10:17:10:42":10,"s:11:16:11:37":11,"f:13:16:13:25":0,"s:14:15:14:40":12,"s:15:27:15:39":13,"s:17:18:19:3":14,"f:18:4:18:5":1,"s:18:11:18:Infinity":15,"b:18:11:18:19:18:24:18:46:18:50:18:70":0,"b:20:2:22:Infinity:undefined:undefined:undefined:undefined":1,"s:20:2:22:Infinity":16,"s:21:4:21:Infinity":17,"s:25:4:25:88":18,"b:25:32:25:68:25:71:25:88":2,"b:26:2:28:Infinity:undefined:undefined:undefined:undefined":3,"s:26:2:28:Infinity":19,"s:27:4:27:Infinity":20,"s:30:2:40:Infinity":21,"b:34:22:34:34:34:38:34:40":4,"b:36:13:36:22:36:26:36:28":5,"b:37:23:37:36:37:40:37:42":6,"f:43:16:43:25":2,"s:44:2:44:Infinity":22,"f:44:25:44:26":3,"s:44:35:44:63":23,"f:47:16:47:26":4,"b:47:38:47:47":7,"b:47:58:47:65":8,"b:47:72:47:135":9,"s:48:22:48:43":24,"s:49:2:49:Infinity":25,"s:50:2:50:Infinity":26,"s:52:16:52:80":27,"f:52:48:52:49":5,"s:52:55:52:72":28,"b:53:2:55:Infinity:undefined:undefined:undefined:undefined":10,"s:53:2:55:Infinity":29,"s:54:4:54:Infinity":30,"s:57:16:57:18":31,"s:58:2:62:Infinity":32,"s:59:27:59:89":33,"s:60:4:60:Infinity":34,"s:61:4:61:Infinity":35,"s:64:17:64:33":36,"s:65:2:65:Infinity":37,"s:66:2:66:Infinity":38,"b:69:0:77:Infinity:undefined:undefined:undefined:undefined":11,"s:69:0:77:Infinity":39,"s:70:2:76:Infinity":40,"s:71:18:71:37":41,"s:72:4:72:Infinity":42,"s:74:4:74:Infinity":43,"s:75:4:75:Infinity":44},"fnNames":{}}}
,"/Users/lkb/code/bluesky15/bluesky15.github.io/src/App.jsx": {"path":"/Users/lkb/code/bluesky15/bluesky15.github.io/src/App.jsx","statementMap":{"0":{"start":{"line":6,"column":22},"end":{"line":6,"column":null}},"1":{"start":{"line":9,"column":24},"end":{"line":11,"column":null}},"2":{"start":{"line":10,"column":4},"end":{"line":10,"column":null}},"3":{"start":{"line":12,"column":22},"end":{"line":12,"column":null}},"4":{"start":{"line":13,"column":28},"end":{"line":13,"column":null}},"5":{"start":{"line":14,"column":40},"end":{"line":14,"column":null}},"6":{"start":{"line":15,"column":24},"end":{"line":15,"column":null}},"7":{"start":{"line":17,"column":2},"end":{"line":38,"column":null}},"8":{"start":{"line":18,"column":20},"end":{"line":18,"column":null}},"9":{"start":{"line":19,"column":17},"end":{"line":33,"column":null}},"10":{"start":{"line":20,"column":6},"end":{"line":32,"column":null}},"11":{"start":{"line":21,"column":22},"end":{"line":23,"column":null}},"12":{"start":{"line":24,"column":29},"end":{"line":24,"column":null}},"13":{"start":{"line":25,"column":18},"end":{"line":25,"column":null}},"14":{"start":{"line":26,"column":21},"end":{"line":28,"column":null}},"15":{"start":{"line":29,"column":8},"end":{"line":29,"column":null}},"16":{"start":{"line":29,"column":24},"end":{"line":29,"column":null}},"17":{"start":{"line":31,"column":8},"end":{"line":31,"column":null}},"18":{"start":{"line":31,"column":24},"end":{"line":31,"column":null}},"19":{"start":{"line":34,"column":4},"end":{"line":34,"column":null}},"20":{"start":{"line":35,"column":4},"end":{"line":37,"column":null}},"21":{"start":{"line":36,"column":6},"end":{"line":36,"column":null}},"22":{"start":{"line":40,"column":2},"end":{"line":48,"column":null}},"23":{"start":{"line":41,"column":4},"end":{"line":47,"column":null}},"24":{"start":{"line":43,"column":8},"end":{"line":43,"column":null}},"25":{"start":{"line":43,"column":21},"end":{"line":43,"column":null}},"26":{"start":{"line":44,"column":8},"end":{"line":44,"column":null}},"27":{"start":{"line":47,"column":19},"end":{"line":47,"column":41}},"28":{"start":{"line":50,"column":2},"end":{"line":61,"column":null}},"29":{"start":{"line":51,"column":4},"end":{"line":55,"column":null}},"30":{"start":{"line":52,"column":6},"end":{"line":52,"column":null}},"31":{"start":{"line":54,"column":6},"end":{"line":54,"column":null}},"32":{"start":{"line":56,"column":4},"end":{"line":60,"column":null}},"33":{"start":{"line":57,"column":6},"end":{"line":57,"column":null}},"34":{"start":{"line":59,"column":6},"end":{"line":59,"column":null}},"35":{"start":{"line":63,"column":19},"end":{"line":78,"column":null}},"36":{"start":{"line":64,"column":4},"end":{"line":64,"column":null}},"37":{"start":{"line":64,"column":41},"end":{"line":64,"column":null}},"38":{"start":{"line":65,"column":4},"end":{"line":69,"column":null}},"39":{"start":{"line":66,"column":6},"end":{"line":66,"column":null}},"40":{"start":{"line":67,"column":6},"end":{"line":67,"column":null}},"41":{"start":{"line":67,"column":23},"end":{"line":67,"column":52}},"42":{"start":{"line":68,"column":6},"end":{"line":68,"column":null}},"43":{"start":{"line":70,"column":4},"end":{"line":70,"column":null}},"44":{"start":{"line":71,"column":4},"end":{"line":77,"column":null}},"45":{"start":{"line":72,"column":6},"end":{"line":75,"column":null}},"46":{"start":{"line":73,"column":8},"end":{"line":73,"column":null}},"47":{"start":{"line":74,"column":8},"end":{"line":74,"column":null}},"48":{"start":{"line":76,"column":6},"end":{"line":76,"column":null}},"49":{"start":{"line":80,"column":2},"end":{"line":80,"column":null}},"50":{"start":{"line":80,"column":14},"end":{"line":80,"column":null}},"51":{"start":{"line":82,"column":2},"end":{"line":93,"column":null}},"52":{"start":{"line":89,"column":29},"end":{"line":89,"column":48}}},"fnMap":{"0":{"name":"App","decl":{"start":{"line":8,"column":24},"end":{"line":8,"column":30}},"loc":{"start":{"line":8,"column":30},"end":{"line":95,"column":null}},"line":8},"1":{"name":"(anonymous_1)","decl":{"start":{"line":9,"column":37},"end":{"line":9,"column":null}},"loc":{"start":{"line":10,"column":4},"end":{"line":10,"column":null}},"line":10},"2":{"name":"(anonymous_2)","decl":{"start":{"line":17,"column":12},"end":{"line":17,"column":18}},"loc":{"start":{"line":17,"column":18},"end":{"line":38,"column":5}},"line":17},"3":{"name":"(anonymous_3)","decl":{"start":{"line":19,"column":17},"end":{"line":19,"column":29}},"loc":{"start":{"line":19,"column":29},"end":{"line":33,"column":null}},"line":19},"4":{"name":"(anonymous_4)","decl":{"start":{"line":35,"column":11},"end":{"line":35,"column":17}},"loc":{"start":{"line":35,"column":17},"end":{"line":37,"column":null}},"line":35},"5":{"name":"(anonymous_5)","decl":{"start":{"line":40,"column":12},"end":{"line":40,"column":18}},"loc":{"start":{"line":40,"column":18},"end":{"line":48,"column":5}},"line":40},"6":{"name":"(anonymous_6)","decl":{"start":{"line":42,"column":12},"end":{"line":42,"column":13}},"loc":{"start":{"line":42,"column":21},"end":{"line":45,"column":7}},"line":42},"7":{"name":"(anonymous_7)","decl":{"start":{"line":47,"column":13},"end":{"line":47,"column":19}},"loc":{"start":{"line":47,"column":19},"end":{"line":47,"column":41}},"line":47},"8":{"name":"(anonymous_8)","decl":{"start":{"line":50,"column":12},"end":{"line":50,"column":18}},"loc":{"start":{"line":50,"column":18},"end":{"line":61,"column":5}},"line":50},"9":{"name":"(anonymous_9)","decl":{"start":{"line":63,"column":19},"end":{"line":63,"column":20}},"loc":{"start":{"line":63,"column":27},"end":{"line":78,"column":null}},"line":63},"10":{"name":"(anonymous_10)","decl":{"start":{"line":67,"column":17},"end":{"line":67,"column":23}},"loc":{"start":{"line":67,"column":23},"end":{"line":67,"column":52}},"line":67},"11":{"name":"(anonymous_11)","decl":{"start":{"line":71,"column":15},"end":{"line":71,"column":21}},"loc":{"start":{"line":71,"column":21},"end":{"line":77,"column":7}},"line":71},"12":{"name":"(anonymous_12)","decl":{"start":{"line":89,"column":23},"end":{"line":89,"column":29}},"loc":{"start":{"line":89,"column":29},"end":{"line":89,"column":48}},"line":89}},"branchMap":{"0":{"loc":{"start":{"line":10,"column":4},"end":{"line":10,"column":null}},"type":"cond-expr","locations":[{"start":{"line":10,"column":57},"end":{"line":10,"column":67}},{"start":{"line":10,"column":67},"end":{"line":10,"column":null}}],"line":10},"1":{"loc":{"start":{"line":29,"column":8},"end":{"line":29,"column":null}},"type":"if","locations":[{"start":{"line":29,"column":8},"end":{"line":29,"column":null}},{"start":{},"end":{}}],"line":29},"2":{"loc":{"start":{"line":31,"column":8},"end":{"line":31,"column":null}},"type":"if","locations":[{"start":{"line":31,"column":8},"end":{"line":31,"column":null}},{"start":{},"end":{}}],"line":31},"3":{"loc":{"start":{"line":43,"column":8},"end":{"line":43,"column":null}},"type":"if","locations":[{"start":{"line":43,"column":8},"end":{"line":43,"column":null}},{"start":{},"end":{}}],"line":43},"4":{"loc":{"start":{"line":51,"column":4},"end":{"line":55,"column":null}},"type":"if","locations":[{"start":{"line":51,"column":4},"end":{"line":55,"column":null}},{"start":{"line":53,"column":11},"end":{"line":55,"column":null}}],"line":51},"5":{"loc":{"start":{"line":64,"column":4},"end":{"line":64,"column":null}},"type":"if","locations":[{"start":{"line":64,"column":4},"end":{"line":64,"column":null}},{"start":{},"end":{}}],"line":64},"6":{"loc":{"start":{"line":64,"column":8},"end":{"line":64,"column":41}},"type":"binary-expr","locations":[{"start":{"line":64,"column":8},"end":{"line":64,"column":26}},{"start":{"line":64,"column":26},"end":{"line":64,"column":41}}],"line":64},"7":{"loc":{"start":{"line":65,"column":4},"end":{"line":69,"column":null}},"type":"if","locations":[{"start":{"line":65,"column":4},"end":{"line":69,"column":null}},{"start":{},"end":{}}],"line":65},"8":{"loc":{"start":{"line":72,"column":6},"end":{"line":75,"column":null}},"type":"if","locations":[{"start":{"line":72,"column":6},"end":{"line":75,"column":null}},{"start":{},"end":{}}],"line":72},"9":{"loc":{"start":{"line":80,"column":2},"end":{"line":80,"column":null}},"type":"if","locations":[{"start":{"line":80,"column":2},"end":{"line":80,"column":null}},{"start":{},"end":{}}],"line":80},"10":{"loc":{"start":{"line":88,"column":7},"end":{"line":91,"column":null}},"type":"cond-expr","locations":[{"start":{"line":89,"column":8},"end":{"line":89,"column":null}},{"start":{"line":91,"column":8},"end":{"line":91,"column":null}}],"line":88}},"s":{"0":1,"1":11,"2":5,"3":11,"4":11,"5":11,"6":11,"7":11,"8":5,"9":5,"10":5,"11":5,"12":4,"13":4,"14":4,"15":4,"16":4,"17":1,"18":1,"19":5,"20":5,"21":5,"22":11,"23":5,"24":5,"25":0,"26":5,"27":0,"28":11,"29":5,"30":0,"31":5,"32":5,"33":5,"34":0,"35":11,"36":0,"37":0,"38":0,"39":0,"40":0,"41":0,"42":0,"43":0,"44":0,"45":0,"46":0,"47":0,"48":0,"49":11,"50":6,"51":5,"52":0},"f":{"0":11,"1":5,"2":5,"3":5,"4":5,"5":5,"6":5,"7":0,"8":5,"9":0,"10":0,"11":0,"12":0},"b":{"0":[0,5],"1":[4,0],"2":[1,0],"3":[0,5],"4":[0,5],"5":[0,0],"6":[0,0],"7":[0,0],"8":[0,0],"9":[6,5],"10":[0,5]},"meta":{"lastBranch":11,"lastFunction":13,"lastStatement":53,"seen":{"s:6:22:6:Infinity":0,"f:8:24:8:30":0,"s:9:24:11:Infinity":1,"f:9:37:9:Infinity":1,"s:10:4:10:Infinity":2,"b:10:57:10:67:10:67:10:Infinity":0,"s:12:22:12:Infinity":3,"s:13:28:13:Infinity":4,"s:14:40:14:Infinity":5,"s:15:24:15:Infinity":6,"s:17:2:38:Infinity":7,"f:17:12:17:18":2,"s:18:20:18:Infinity":8,"s:19:17:33:Infinity":9,"f:19:17:19:29":3,"s:20:6:32:Infinity":10,"s:21:22:23:Infinity":11,"s:24:29:24:Infinity":12,"s:25:18:25:Infinity":13,"s:26:21:28:Infinity":14,"b:29:8:29:Infinity:undefined:undefined:undefined:undefined":1,"s:29:8:29:Infinity":15,"s:29:24:29:Infinity":16,"b:31:8:31:Infinity:undefined:undefined:undefined:undefined":2,"s:31:8:31:Infinity":17,"s:31:24:31:Infinity":18,"s:34:4:34:Infinity":19,"s:35:4:37:Infinity":20,"f:35:11:35:17":4,"s:36:6:36:Infinity":21,"s:40:2:48:Infinity":22,"f:40:12:40:18":5,"s:41:4:47:Infinity":23,"f:42:12:42:13":6,"b:43:8:43:Infinity:undefined:undefined:undefined:undefined":3,"s:43:8:43:Infinity":24,"s:43:21:43:Infinity":25,"s:44:8:44:Infinity":26,"f:47:13:47:19":7,"s:47:19:47:41":27,"s:50:2:61:Infinity":28,"f:50:12:50:18":8,"b:51:4:55:Infinity:53:11:55:Infinity":4,"s:51:4:55:Infinity":29,"s:52:6:52:Infinity":30,"s:54:6:54:Infinity":31,"s:56:4:60:Infinity":32,"s:57:6:57:Infinity":33,"s:59:6:59:Infinity":34,"s:63:19:78:Infinity":35,"f:63:19:63:20":9,"b:64:4:64:Infinity:undefined:undefined:undefined:undefined":5,"s:64:4:64:Infinity":36,"b:64:8:64:26:64:26:64:41":6,"s:64:41:64:Infinity":37,"b:65:4:69:Infinity:undefined:undefined:undefined:undefined":7,"s:65:4:69:Infinity":38,"s:66:6:66:Infinity":39,"s:67:6:67:Infinity":40,"f:67:17:67:23":10,"s:67:23:67:52":41,"s:68:6:68:Infinity":42,"s:70:4:70:Infinity":43,"s:71:4:77:Infinity":44,"f:71:15:71:21":11,"b:72:6:75:Infinity:undefined:undefined:undefined:undefined":8,"s:72:6:75:Infinity":45,"s:73:8:73:Infinity":46,"s:74:8:74:Infinity":47,"s:76:6:76:Infinity":48,"b:80:2:80:Infinity:undefined:undefined:undefined:undefined":9,"s:80:2:80:Infinity":49,"s:80:14:80:Infinity":50,"s:82:2:93:Infinity":51,"b:89:8:89:Infinity:91:8:91:Infinity":10,"f:89:23:89:29":12,"s:89:29:89:48":52},"fnNames":{}}}
,"/Users/lkb/code/bluesky15/bluesky15.github.io/src/components/Blogs.jsx": {"path":"/Users/lkb/code/bluesky15/bluesky15.github.io/src/components/Blogs.jsx","statementMap":{"0":{"start":{"line":4,"column":16},"end":{"line":4,"column":null}},"1":{"start":{"line":7,"column":24},"end":{"line":7,"column":null}},"2":{"start":{"line":8,"column":26},"end":{"line":8,"column":null}},"3":{"start":{"line":9,"column":22},"end":{"line":9,"column":null}},"4":{"start":{"line":10,"column":20},"end":{"line":10,"column":null}},"5":{"start":{"line":11,"column":26},"end":{"line":11,"column":null}},"6":{"start":{"line":13,"column":2},"end":{"line":25,"column":null}},"7":{"start":{"line":14,"column":4},"end":{"line":14,"column":null}},"8":{"start":{"line":14,"column":19},"end":{"line":14,"column":null}},"9":{"start":{"line":15,"column":4},"end":{"line":24,"column":null}},"10":{"start":{"line":17,"column":8},"end":{"line":17,"column":null}},"11":{"start":{"line":17,"column":21},"end":{"line":17,"column":null}},"12":{"start":{"line":18,"column":8},"end":{"line":18,"column":null}},"13":{"start":{"line":21,"column":8},"end":{"line":21,"column":null}},"14":{"start":{"line":21,"column":45},"end":{"line":21,"column":73}},"15":{"start":{"line":22,"column":8},"end":{"line":22,"column":null}},"16":{"start":{"line":24,"column":19},"end":{"line":24,"column":34}},"17":{"start":{"line":27,"column":8},"end":{"line":30,"column":null}},"18":{"start":{"line":28,"column":11},"end":{"line":28,"column":null}},"19":{"start":{"line":28,"column":48},"end":{"line":28,"column":66}},"20":{"start":{"line":31,"column":8},"end":{"line":34,"column":null}},"21":{"start":{"line":32,"column":11},"end":{"line":32,"column":null}},"22":{"start":{"line":32,"column":52},"end":{"line":32,"column":58}},"23":{"start":{"line":36,"column":8},"end":{"line":43,"column":null}},"24":{"start":{"line":37,"column":4},"end":{"line":37,"column":null}},"25":{"start":{"line":37,"column":16},"end":{"line":37,"column":null}},"26":{"start":{"line":38,"column":4},"end":{"line":42,"column":null}},"27":{"start":{"line":39,"column":7},"end":{"line":41,"column":null}},"28":{"start":{"line":45,"column":19},"end":{"line":59,"column":null}},"29":{"start":{"line":46,"column":4},"end":{"line":46,"column":null}},"30":{"start":{"line":47,"column":4},"end":{"line":47,"column":null}},"31":{"start":{"line":48,"column":4},"end":{"line":58,"column":null}},"32":{"start":{"line":50,"column":8},"end":{"line":50,"column":null}},"33":{"start":{"line":50,"column":21},"end":{"line":50,"column":null}},"34":{"start":{"line":51,"column":8},"end":{"line":51,"column":null}},"35":{"start":{"line":54,"column":8},"end":{"line":54,"column":null}},"36":{"start":{"line":54,"column":28},"end":{"line":54,"column":83}},"37":{"start":{"line":57,"column":8},"end":{"line":57,"column":null}},"38":{"start":{"line":57,"column":28},"end":{"line":57,"column":91}},"39":{"start":{"line":61,"column":2},"end":{"line":67,"column":null}},"40":{"start":{"line":62,"column":4},"end":{"line":65,"column":null}},"41":{"start":{"line":69,"column":2},"end":{"line":75,"column":null}},"42":{"start":{"line":70,"column":4},"end":{"line":73,"column":null}},"43":{"start":{"line":77,"column":2},"end":{"line":112,"column":null}},"44":{"start":{"line":78,"column":4},"end":{"line":110,"column":null}},"45":{"start":{"line":84,"column":12},"end":{"line":84,"column":null}},"46":{"start":{"line":85,"column":12},"end":{"line":85,"column":null}},"47":{"start":{"line":99,"column":14},"end":{"line":99,"column":null}},"48":{"start":{"line":114,"column":2},"end":{"line":180,"column":null}},"49":{"start":{"line":120,"column":10},"end":{"line":120,"column":null}},"50":{"start":{"line":121,"column":10},"end":{"line":121,"column":null}},"51":{"start":{"line":135,"column":74},"end":{"line":135,"column":null}},"52":{"start":{"line":138,"column":14},"end":{"line":140,"column":null}},"53":{"start":{"line":146,"column":73},"end":{"line":146,"column":null}},"54":{"start":{"line":149,"column":14},"end":{"line":151,"column":null}},"55":{"start":{"line":161,"column":10},"end":{"line":177,"column":null}},"56":{"start":{"line":164,"column":27},"end":{"line":164,"column":null}},"57":{"start":{"line":174,"column":16},"end":{"line":174,"column":null}}},"fnMap":{"0":{"name":"Blogs","decl":{"start":{"line":6,"column":24},"end":{"line":6,"column":30}},"loc":{"start":{"line":6,"column":42},"end":{"line":182,"column":null}},"line":6},"1":{"name":"(anonymous_1)","decl":{"start":{"line":13,"column":12},"end":{"line":13,"column":18}},"loc":{"start":{"line":13,"column":18},"end":{"line":25,"column":5}},"line":13},"2":{"name":"(anonymous_2)","decl":{"start":{"line":16,"column":12},"end":{"line":16,"column":13}},"loc":{"start":{"line":16,"column":21},"end":{"line":19,"column":7}},"line":16},"3":{"name":"(anonymous_3)","decl":{"start":{"line":20,"column":12},"end":{"line":20,"column":13}},"loc":{"start":{"line":20,"column":22},"end":{"line":23,"column":7}},"line":20},"4":{"name":"(anonymous_4)","decl":{"start":{"line":21,"column":35},"end":{"line":21,"column":36}},"loc":{"start":{"line":21,"column":45},"end":{"line":21,"column":73}},"line":21},"5":{"name":"(anonymous_5)","decl":{"start":{"line":24,"column":13},"end":{"line":24,"column":19}},"loc":{"start":{"line":24,"column":19},"end":{"line":24,"column":34}},"line":24},"6":{"name":"(anonymous_6)","decl":{"start":{"line":28,"column":4},"end":{"line":28,"column":11}},"loc":{"start":{"line":28,"column":11},"end":{"line":28,"column":null}},"line":28},"7":{"name":"(anonymous_7)","decl":{"start":{"line":28,"column":41},"end":{"line":28,"column":42}},"loc":{"start":{"line":28,"column":48},"end":{"line":28,"column":66}},"line":28},"8":{"name":"(anonymous_8)","decl":{"start":{"line":32,"column":4},"end":{"line":32,"column":11}},"loc":{"start":{"line":32,"column":11},"end":{"line":32,"column":null}},"line":32},"9":{"name":"(anonymous_9)","decl":{"start":{"line":32,"column":45},"end":{"line":32,"column":46}},"loc":{"start":{"line":32,"column":52},"end":{"line":32,"column":58}},"line":32},"10":{"name":"(anonymous_10)","decl":{"start":{"line":36,"column":27},"end":{"line":36,"column":33}},"loc":{"start":{"line":36,"column":33},"end":{"line":43,"column":5}},"line":36},"11":{"name":"(anonymous_11)","decl":{"start":{"line":39,"column":6},"end":{"line":39,"column":7}},"loc":{"start":{"line":39,"column":7},"end":{"line":41,"column":null}},"line":39},"12":{"name":"(anonymous_12)","decl":{"start":{"line":45,"column":19},"end":{"line":45,"column":20}},"loc":{"start":{"line":45,"column":29},"end":{"line":59,"column":null}},"line":45},"13":{"name":"(anonymous_13)","decl":{"start":{"line":49,"column":12},"end":{"line":49,"column":13}},"loc":{"start":{"line":49,"column":21},"end":{"line":52,"column":7}},"line":49},"14":{"name":"(anonymous_14)","decl":{"start":{"line":53,"column":12},"end":{"line":53,"column":13}},"loc":{"start":{"line":53,"column":22},"end":{"line":55,"column":7}},"line":53},"15":{"name":"(anonymous_15)","decl":{"start":{"line":54,"column":18},"end":{"line":54,"column":19}},"loc":{"start":{"line":54,"column":28},"end":{"line":54,"column":83}},"line":54},"16":{"name":"(anonymous_16)","decl":{"start":{"line":56,"column":13},"end":{"line":56,"column":19}},"loc":{"start":{"line":56,"column":19},"end":{"line":58,"column":7}},"line":56},"17":{"name":"(anonymous_17)","decl":{"start":{"line":57,"column":18},"end":{"line":57,"column":19}},"loc":{"start":{"line":57,"column":28},"end":{"line":57,"column":91}},"line":57},"18":{"name":"(anonymous_18)","decl":{"start":{"line":83,"column":19},"end":{"line":83,"column":20}},"loc":{"start":{"line":83,"column":26},"end":{"line":86,"column":null}},"line":83},"19":{"name":"(anonymous_19)","decl":{"start":{"line":98,"column":29},"end":{"line":98,"column":30}},"loc":{"start":{"line":99,"column":14},"end":{"line":99,"column":null}},"line":99},"20":{"name":"(anonymous_20)","decl":{"start":{"line":119,"column":17},"end":{"line":119,"column":18}},"loc":{"start":{"line":119,"column":24},"end":{"line":122,"column":null}},"line":119},"21":{"name":"(anonymous_21)","decl":{"start":{"line":135,"column":67},"end":{"line":135,"column":68}},"loc":{"start":{"line":135,"column":74},"end":{"line":135,"column":null}},"line":135},"22":{"name":"(anonymous_22)","decl":{"start":{"line":137,"column":23},"end":{"line":137,"column":24}},"loc":{"start":{"line":138,"column":14},"end":{"line":140,"column":null}},"line":138},"23":{"name":"(anonymous_23)","decl":{"start":{"line":146,"column":66},"end":{"line":146,"column":67}},"loc":{"start":{"line":146,"column":73},"end":{"line":146,"column":null}},"line":146},"24":{"name":"(anonymous_24)","decl":{"start":{"line":148,"column":22},"end":{"line":148,"column":23}},"loc":{"start":{"line":149,"column":14},"end":{"line":151,"column":null}},"line":149},"25":{"name":"(anonymous_25)","decl":{"start":{"line":160,"column":22},"end":{"line":160,"column":23}},"loc":{"start":{"line":161,"column":10},"end":{"line":177,"column":null}},"line":161},"26":{"name":"(anonymous_26)","decl":{"start":{"line":164,"column":21},"end":{"line":164,"column":27}},"loc":{"start":{"line":164,"column":27},"end":{"line":164,"column":null}},"line":164},"27":{"name":"(anonymous_27)","decl":{"start":{"line":173,"column":29},"end":{"line":173,"column":30}},"loc":{"start":{"line":174,"column":16},"end":{"line":174,"column":null}},"line":174}},"branchMap":{"0":{"loc":{"start":{"line":14,"column":4},"end":{"line":14,"column":null}},"type":"if","locations":[{"start":{"line":14,"column":4},"end":{"line":14,"column":null}},{"start":{},"end":{}}],"line":14},"1":{"loc":{"start":{"line":17,"column":8},"end":{"line":17,"column":null}},"type":"if","locations":[{"start":{"line":17,"column":8},"end":{"line":17,"column":null}},{"start":{},"end":{}}],"line":17},"2":{"loc":{"start":{"line":28,"column":11},"end":{"line":28,"column":null}},"type":"cond-expr","locations":[{"start":{"line":28,"column":19},"end":{"line":28,"column":89}},{"start":{"line":28,"column":89},"end":{"line":28,"column":null}}],"line":28},"3":{"loc":{"start":{"line":32,"column":11},"end":{"line":32,"column":null}},"type":"cond-expr","locations":[{"start":{"line":32,"column":19},"end":{"line":32,"column":71}},{"start":{"line":32,"column":71},"end":{"line":32,"column":null}}],"line":32},"4":{"loc":{"start":{"line":37,"column":4},"end":{"line":37,"column":null}},"type":"if","locations":[{"start":{"line":37,"column":4},"end":{"line":37,"column":null}},{"start":{},"end":{}}],"line":37},"5":{"loc":{"start":{"line":39,"column":7},"end":{"line":41,"column":null}},"type":"binary-expr","locations":[{"start":{"line":40,"column":9},"end":{"line":40,"column":27}},{"start":{"line":40,"column":27},"end":{"line":40,"column":null}},{"start":{"line":41,"column":9},"end":{"line":41,"column":26}},{"start":{"line":41,"column":26},"end":{"line":41,"column":null}}],"line":39},"6":{"loc":{"start":{"line":50,"column":8},"end":{"line":50,"column":null}},"type":"if","locations":[{"start":{"line":50,"column":8},"end":{"line":50,"column":null}},{"start":{},"end":{}}],"line":50},"7":{"loc":{"start":{"line":54,"column":28},"end":{"line":54,"column":83}},"type":"cond-expr","locations":[{"start":{"line":54,"column":60},"end":{"line":54,"column":79}},{"start":{"line":54,"column":79},"end":{"line":54,"column":83}}],"line":54},"8":{"loc":{"start":{"line":54,"column":28},"end":{"line":54,"column":60}},"type":"binary-expr","locations":[{"start":{"line":54,"column":28},"end":{"line":54,"column":35}},{"start":{"line":54,"column":35},"end":{"line":54,"column":60}}],"line":54},"9":{"loc":{"start":{"line":57,"column":28},"end":{"line":57,"column":91}},"type":"cond-expr","locations":[{"start":{"line":57,"column":60},"end":{"line":57,"column":87}},{"start":{"line":57,"column":87},"end":{"line":57,"column":91}}],"line":57},"10":{"loc":{"start":{"line":57,"column":28},"end":{"line":57,"column":60}},"type":"binary-expr","locations":[{"start":{"line":57,"column":28},"end":{"line":57,"column":35}},{"start":{"line":57,"column":35},"end":{"line":57,"column":60}}],"line":57},"11":{"loc":{"start":{"line":61,"column":2},"end":{"line":67,"column":null}},"type":"if","locations":[{"start":{"line":61,"column":2},"end":{"line":67,"column":null}},{"start":{},"end":{}}],"line":61},"12":{"loc":{"start":{"line":69,"column":2},"end":{"line":75,"column":null}},"type":"if","locations":[{"start":{"line":69,"column":2},"end":{"line":75,"column":null}},{"start":{},"end":{}}],"line":69},"13":{"loc":{"start":{"line":77,"column":2},"end":{"line":112,"column":null}},"type":"if","locations":[{"start":{"line":77,"column":2},"end":{"line":112,"column":null}},{"start":{},"end":{}}],"line":77},"14":{"loc":{"start":{"line":94,"column":13},"end":{"line":94,"column":null}},"type":"binary-expr","locations":[{"start":{"line":94,"column":13},"end":{"line":94,"column":32}},{"start":{"line":94,"column":32},"end":{"line":94,"column":null}}],"line":94},"15":{"loc":{"start":{"line":102,"column":11},"end":{"line":107,"column":null}},"type":"cond-expr","locations":[{"start":{"line":103,"column":12},"end":{"line":103,"column":null}},{"start":{"line":104,"column":14},"end":{"line":107,"column":null}}],"line":102},"16":{"loc":{"start":{"line":104,"column":14},"end":{"line":107,"column":null}},"type":"cond-expr","locations":[{"start":{"line":105,"column":12},"end":{"line":105,"column":null}},{"start":{"line":107,"column":12},"end":{"line":107,"column":null}}],"line":104},"17":{"loc":{"start":{"line":129,"column":31},"end":{"line":129,"column":null}},"type":"cond-expr","locations":[{"start":{"line":129,"column":55},"end":{"line":129,"column":60}},{"start":{"line":129,"column":60},"end":{"line":129,"column":null}}],"line":129},"18":{"loc":{"start":{"line":157,"column":7},"end":{"line":157,"column":null}},"type":"binary-expr","locations":[{"start":{"line":157,"column":7},"end":{"line":157,"column":32}},{"start":{"line":157,"column":32},"end":{"line":157,"column":null}}],"line":157}},"s":{"0":10,"1":27,"2":27,"3":27,"4":27,"5":27,"6":27,"7":9,"8":0,"9":9,"10":8,"11":0,"12":8,"13":8,"14":7,"15":8,"16":1,"17":27,"18":17,"19":15,"20":27,"21":17,"22":15,"23":27,"24":19,"25":9,"26":10,"27":19,"28":27,"29":3,"30":3,"31":3,"32":3,"33":1,"34":2,"35":2,"36":2,"37":1,"38":1,"39":27,"40":1,"41":26,"42":9,"43":17,"44":6,"45":1,"46":1,"47":6,"48":11,"49":1,"50":1,"51":1,"52":21,"53":1,"54":21,"55":18,"56":3,"57":18},"f":{"0":27,"1":9,"2":8,"3":8,"4":7,"5":1,"6":17,"7":15,"8":17,"9":15,"10":19,"11":19,"12":3,"13":3,"14":2,"15":2,"16":1,"17":1,"18":1,"19":6,"20":1,"21":1,"22":21,"23":1,"24":21,"25":18,"26":3,"27":18},"b":{"0":[0,9],"1":[0,8],"2":[8,9],"3":[8,9],"4":[9,10],"5":[19,4,17,1],"6":[1,2],"7":[2,0],"8":[2,2],"9":[1,0],"10":[1,1],"11":[1,26],"12":[9,17],"13":[6,11],"14":[6,6],"15":[1,5],"16":[2,3],"17":[2,9],"18":[27,1]},"meta":{"lastBranch":19,"lastFunction":28,"lastStatement":58,"seen":{"s:4:16:4:Infinity":0,"f:6:24:6:30":0,"s:7:24:7:Infinity":1,"s:8:26:8:Infinity":2,"s:9:22:9:Infinity":3,"s:10:20:10:Infinity":4,"s:11:26:11:Infinity":5,"s:13:2:25:Infinity":6,"f:13:12:13:18":1,"b:14:4:14:Infinity:undefined:undefined:undefined:undefined":0,"s:14:4:14:Infinity":7,"s:14:19:14:Infinity":8,"s:15:4:24:Infinity":9,"f:16:12:16:13":2,"b:17:8:17:Infinity:undefined:undefined:undefined:undefined":1,"s:17:8:17:Infinity":10,"s:17:21:17:Infinity":11,"s:18:8:18:Infinity":12,"f:20:12:20:13":3,"s:21:8:21:Infinity":13,"f:21:35:21:36":4,"s:21:45:21:73":14,"s:22:8:22:Infinity":15,"f:24:13:24:19":5,"s:24:19:24:34":16,"s:27:8:30:Infinity":17,"f:28:4:28:11":6,"s:28:11:28:Infinity":18,"b:28:19:28:89:28:89:28:Infinity":2,"f:28:41:28:42":7,"s:28:48:28:66":19,"s:31:8:34:Infinity":20,"f:32:4:32:11":8,"s:32:11:32:Infinity":21,"b:32:19:32:71:32:71:32:Infinity":3,"f:32:45:32:46":9,"s:32:52:32:58":22,"s:36:8:43:Infinity":23,"f:36:27:36:33":10,"b:37:4:37:Infinity:undefined:undefined:undefined:undefined":4,"s:37:4:37:Infinity":24,"s:37:16:37:Infinity":25,"s:38:4:42:Infinity":26,"f:39:6:39:7":11,"s:39:7:41:Infinity":27,"b:40:9:40:27:40:27:40:Infinity:41:9:41:26:41:26:41:Infinity":5,"s:45:19:59:Infinity":28,"f:45:19:45:20":12,"s:46:4:46:Infinity":29,"s:47:4:47:Infinity":30,"s:48:4:58:Infinity":31,"f:49:12:49:13":13,"b:50:8:50:Infinity:undefined:undefined:undefined:undefined":6,"s:50:8:50:Infinity":32,"s:50:21:50:Infinity":33,"s:51:8:51:Infinity":34,"f:53:12:53:13":14,"s:54:8:54:Infinity":35,"f:54:18:54:19":15,"s:54:28:54:83":36,"b:54:60:54:79:54:79:54:83":7,"b:54:28:54:35:54:35:54:60":8,"f:56:13:56:19":16,"s:57:8:57:Infinity":37,"f:57:18:57:19":17,"s:57:28:57:91":38,"b:57:60:57:87:57:87:57:91":9,"b:57:28:57:35:57:35:57:60":10,"b:61:2:67:Infinity:undefined:undefined:undefined:undefined":11,"s:61:2:67:Infinity":39,"s:62:4:65:Infinity":40,"b:69:2:75:Infinity:undefined:undefined:undefined:undefined":12,"s:69:2:75:Infinity":41,"s:70:4:73:Infinity":42,"b:77:2:112:Infinity:undefined:undefined:undefined:undefined":13,"s:77:2:112:Infinity":43,"s:78:4:110:Infinity":44,"f:83:19:83:20":18,"s:84:12:84:Infinity":45,"s:85:12:85:Infinity":46,"b:94:13:94:32:94:32:94:Infinity":14,"f:98:29:98:30":19,"s:99:14:99:Infinity":47,"b:103:12:103:Infinity:104:14:107:Infinity":15,"b:105:12:105:Infinity:107:12:107:Infinity":16,"s:114:2:180:Infinity":48,"f:119:17:119:18":20,"s:120:10:120:Infinity":49,"s:121:10:121:Infinity":50,"b:129:55:129:60:129:60:129:Infinity":17,"f:135:67:135:68":21,"s:135:74:135:Infinity":51,"f:137:23:137:24":22,"s:138:14:140:Infinity":52,"f:146:66:146:67":23,"s:146:73:146:Infinity":53,"f:148:22:148:23":24,"s:149:14:151:Infinity":54,"b:157:7:157:32:157:32:157:Infinity":18,"f:160:22:160:23":25,"s:161:10:177:Infinity":55,"f:164:21:164:27":26,"s:164:27:164:Infinity":56,"f:173:29:173:30":27,"s:174:16:174:Infinity":57},"fnNames":{}}}
,"/Users/lkb/code/bluesky15/bluesky15.github.io/src/components/Nav.jsx": {"path":"/Users/lkb/code/bluesky15/bluesky15.github.io/src/components/Nav.jsx","statementMap":{"0":{"start":{"line":5,"column":32},"end":{"line":5,"column":null}},"1":{"start":{"line":6,"column":22},"end":{"line":6,"column":null}},"2":{"start":{"line":8,"column":23},"end":{"line":14,"column":null}},"3":{"start":{"line":16,"column":22},"end":{"line":19,"column":null}},"4":{"start":{"line":17,"column":4},"end":{"line":17,"column":null}},"5":{"start":{"line":18,"column":4},"end":{"line":18,"column":null}},"6":{"start":{"line":21,"column":2},"end":{"line":121,"column":null}},"7":{"start":{"line":28,"column":26},"end":{"line":28,"column":null}},"8":{"start":{"line":34,"column":24},"end":{"line":34,"column":null}},"9":{"start":{"line":35,"column":12},"end":{"line":44,"column":null}},"10":{"start":{"line":40,"column":32},"end":{"line":40,"column":null}},"11":{"start":{"line":59,"column":76},"end":{"line":59,"column":91}},"12":{"start":{"line":63,"column":76},"end":{"line":63,"column":96}},"13":{"start":{"line":73,"column":29},"end":{"line":73,"column":null}},"14":{"start":{"line":73,"column":46},"end":{"line":73,"column":81}},"15":{"start":{"line":85,"column":16},"end":{"line":85,"column":null}},"16":{"start":{"line":85,"column":50},"end":{"line":85,"column":null}},"17":{"start":{"line":93,"column":18},"end":{"line":93,"column":null}},"18":{"start":{"line":94,"column":31},"end":{"line":94,"column":null}},"19":{"start":{"line":95,"column":32},"end":{"line":95,"column":null}},"20":{"start":{"line":96,"column":18},"end":{"line":96,"column":null}},"21":{"start":{"line":96,"column":30},"end":{"line":96,"column":null}},"22":{"start":{"line":97,"column":18},"end":{"line":97,"column":null}},"23":{"start":{"line":98,"column":18},"end":{"line":98,"column":null}},"24":{"start":{"line":113,"column":75},"end":{"line":113,"column":96}}},"fnMap":{"0":{"name":"Nav","decl":{"start":{"line":4,"column":24},"end":{"line":4,"column":28}},"loc":{"start":{"line":4,"column":74},"end":{"line":123,"column":null}},"line":4},"1":{"name":"(anonymous_1)","decl":{"start":{"line":16,"column":22},"end":{"line":16,"column":23}},"loc":{"start":{"line":16,"column":33},"end":{"line":19,"column":null}},"line":16},"2":{"name":"(anonymous_2)","decl":{"start":{"line":28,"column":19},"end":{"line":28,"column":20}},"loc":{"start":{"line":28,"column":26},"end":{"line":28,"column":null}},"line":28},"3":{"name":"(anonymous_3)","decl":{"start":{"line":33,"column":28},"end":{"line":33,"column":29}},"loc":{"start":{"line":33,"column":48},"end":{"line":46,"column":11}},"line":33},"4":{"name":"(anonymous_4)","decl":{"start":{"line":40,"column":25},"end":{"line":40,"column":26}},"loc":{"start":{"line":40,"column":32},"end":{"line":40,"column":null}},"line":40},"5":{"name":"(anonymous_5)","decl":{"start":{"line":59,"column":70},"end":{"line":59,"column":76}},"loc":{"start":{"line":59,"column":76},"end":{"line":59,"column":91}},"line":59},"6":{"name":"(anonymous_6)","decl":{"start":{"line":63,"column":70},"end":{"line":63,"column":76}},"loc":{"start":{"line":63,"column":76},"end":{"line":63,"column":96}},"line":63},"7":{"name":"(anonymous_7)","decl":{"start":{"line":73,"column":23},"end":{"line":73,"column":29}},"loc":{"start":{"line":73,"column":29},"end":{"line":73,"column":null}},"line":73},"8":{"name":"(anonymous_8)","decl":{"start":{"line":73,"column":38},"end":{"line":73,"column":39}},"loc":{"start":{"line":73,"column":46},"end":{"line":73,"column":81}},"line":73},"9":{"name":"(anonymous_9)","decl":{"start":{"line":84,"column":23},"end":{"line":84,"column":24}},"loc":{"start":{"line":84,"column":30},"end":{"line":86,"column":null}},"line":84},"10":{"name":"(anonymous_10)","decl":{"start":{"line":92,"column":26},"end":{"line":92,"column":27}},"loc":{"start":{"line":92,"column":33},"end":{"line":99,"column":null}},"line":92},"11":{"name":"(anonymous_11)","decl":{"start":{"line":113,"column":69},"end":{"line":113,"column":75}},"loc":{"start":{"line":113,"column":75},"end":{"line":113,"column":96}},"line":113}},"branchMap":{"0":{"loc":{"start":{"line":13,"column":8},"end":{"line":13,"column":null}},"type":"cond-expr","locations":[{"start":{"line":13,"column":22},"end":{"line":13,"column":45}},{"start":{"line":13,"column":45},"end":{"line":13,"column":null}}],"line":13},"1":{"loc":{"start":{"line":34,"column":24},"end":{"line":34,"column":null}},"type":"cond-expr","locations":[{"start":{"line":34,"column":34},"end":{"line":34,"column":39}},{"start":{"line":34,"column":39},"end":{"line":34,"column":null}}],"line":34},"2":{"loc":{"start":{"line":38,"column":22},"end":{"line":38,"column":null}},"type":"cond-expr","locations":[{"start":{"line":38,"column":36},"end":{"line":38,"column":42}},{"start":{"line":38,"column":42},"end":{"line":38,"column":null}}],"line":38},"3":{"loc":{"start":{"line":39,"column":27},"end":{"line":39,"column":null}},"type":"cond-expr","locations":[{"start":{"line":39,"column":41},"end":{"line":39,"column":52}},{"start":{"line":39,"column":52},"end":{"line":39,"column":null}}],"line":39},"4":{"loc":{"start":{"line":42,"column":17},"end":{"line":42,"column":null}},"type":"binary-expr","locations":[{"start":{"line":42,"column":17},"end":{"line":42,"column":24}},{"start":{"line":42,"column":24},"end":{"line":42,"column":null}}],"line":42},"5":{"loc":{"start":{"line":47,"column":11},"end":{"line":55,"column":null}},"type":"binary-expr","locations":[{"start":{"line":47,"column":11},"end":{"line":47,"column":null}},{"start":{"line":48,"column":12},"end":{"line":55,"column":null}}],"line":47},"6":{"loc":{"start":{"line":57,"column":11},"end":{"line":65,"column":null}},"type":"binary-expr","locations":[{"start":{"line":57,"column":11},"end":{"line":57,"column":null}},{"start":{"line":58,"column":13},"end":{"line":65,"column":null}}],"line":57},"7":{"loc":{"start":{"line":58,"column":13},"end":{"line":65,"column":null}},"type":"cond-expr","locations":[{"start":{"line":59,"column":14},"end":{"line":61,"column":null}},{"start":{"line":63,"column":14},"end":{"line":65,"column":null}}],"line":58},"8":{"loc":{"start":{"line":67,"column":11},"end":{"line":76,"column":null}},"type":"binary-expr","locations":[{"start":{"line":67,"column":11},"end":{"line":67,"column":null}},{"start":{"line":68,"column":12},"end":{"line":76,"column":null}}],"line":67},"9":{"loc":{"start":{"line":73,"column":46},"end":{"line":73,"column":81}},"type":"cond-expr","locations":[{"start":{"line":73,"column":62},"end":{"line":73,"column":73}},{"start":{"line":73,"column":73},"end":{"line":73,"column":81}}],"line":73},"10":{"loc":{"start":{"line":75,"column":15},"end":{"line":75,"column":null}},"type":"cond-expr","locations":[{"start":{"line":75,"column":35},"end":{"line":75,"column":49}},{"start":{"line":75,"column":49},"end":{"line":75,"column":null}}],"line":75},"11":{"loc":{"start":{"line":80,"column":9},"end":{"line":119,"column":null}},"type":"binary-expr","locations":[{"start":{"line":80,"column":9},"end":{"line":80,"column":null}},{"start":{"line":80,"column":9},"end":{"line":119,"column":null}}],"line":80},"12":{"loc":{"start":{"line":85,"column":16},"end":{"line":85,"column":null}},"type":"if","locations":[{"start":{"line":85,"column":16},"end":{"line":85,"column":null}},{"start":{},"end":{}}],"line":85},"13":{"loc":{"start":{"line":95,"column":39},"end":{"line":95,"column":62}},"type":"binary-expr","locations":[{"start":{"line":95,"column":39},"end":{"line":95,"column":60}},{"start":{"line":95,"column":60},"end":{"line":95,"column":62}}],"line":95},"14":{"loc":{"start":{"line":96,"column":18},"end":{"line":96,"column":null}},"type":"if","locations":[{"start":{"line":96,"column":18},"end":{"line":96,"column":null}},{"start":{},"end":{}}],"line":96}},"s":{"0":14,"1":14,"2":14,"3":14,"4":0,"5":0,"6":14,"7":0,"8":67,"9":67,"10":0,"11":0,"12":0,"13":1,"14":1,"15":0,"16":0,"17":0,"18":0,"19":0,"20":0,"21":0,"22":0,"23":0,"24":0},"f":{"0":14,"1":0,"2":0,"3":67,"4":0,"5":0,"6":0,"7":1,"8":1,"9":0,"10":0,"11":0},"b":{"0":[11,3],"1":[11,56],"2":[0,67],"3":[0,67],"4":[67,56],"5":[14,12],"6":[14,12],"7":[0,12],"8":[14,12],"9":[0,1],"10":[0,12],"11":[14,0],"12":[0,0],"13":[0,0],"14":[0,0]},"meta":{"lastBranch":15,"lastFunction":12,"lastStatement":25,"seen":{"f:4:24:4:28":0,"s:5:32:5:Infinity":0,"s:6:22:6:Infinity":1,"s:8:23:14:Infinity":2,"b:13:22:13:45:13:45:13:Infinity":0,"s:16:22:19:Infinity":3,"f:16:22:16:23":1,"s:17:4:17:Infinity":4,"s:18:4:18:Infinity":5,"s:21:2:121:Infinity":6,"f:28:19:28:20":2,"s:28:26:28:Infinity":7,"f:33:28:33:29":3,"s:34:24:34:Infinity":8,"b:34:34:34:39:34:39:34:Infinity":1,"s:35:12:44:Infinity":9,"b:38:36:38:42:38:42:38:Infinity":2,"b:39:41:39:52:39:52:39:Infinity":3,"f:40:25:40:26":4,"s:40:32:40:Infinity":10,"b:42:17:42:24:42:24:42:Infinity":4,"b:47:11:47:Infinity:48:12:55:Infinity":5,"b:57:11:57:Infinity:58:13:65:Infinity":6,"b:59:14:61:Infinity:63:14:65:Infinity":7,"f:59:70:59:76":5,"s:59:76:59:91":11,"f:63:70:63:76":6,"s:63:76:63:96":12,"b:67:11:67:Infinity:68:12:76:Infinity":8,"f:73:23:73:29":7,"s:73:29:73:Infinity":13,"f:73:38:73:39":8,"s:73:46:73:81":14,"b:73:62:73:73:73:73:73:81":9,"b:75:35:75:49:75:49:75:Infinity":10,"b:80:9:80:Infinity:80:9:119:Infinity":11,"f:84:23:84:24":9,"b:85:16:85:Infinity:undefined:undefined:undefined:undefined":12,"s:85:16:85:Infinity":15,"s:85:50:85:Infinity":16,"f:92:26:92:27":10,"s:93:18:93:Infinity":17,"s:94:31:94:Infinity":18,"s:95:32:95:Infinity":19,"b:95:39:95:60:95:60:95:62":13,"b:96:18:96:Infinity:undefined:undefined:undefined:undefined":14,"s:96:18:96:Infinity":20,"s:96:30:96:Infinity":21,"s:97:18:97:Infinity":22,"s:98:18:98:Infinity":23,"f:113:69:113:75":11,"s:113:75:113:96":24},"fnNames":{}}}
,"/Users/lkb/code/bluesky15/bluesky15.github.io/src/components/Profile.jsx": {"path":"/Users/lkb/code/bluesky15/bluesky15.github.io/src/components/Profile.jsx","statementMap":{"0":{"start":{"line":2,"column":2},"end":{"line":5,"column":null}},"1":{"start":{"line":10,"column":2},"end":{"line":15,"column":null}},"2":{"start":{"line":20,"column":2},"end":{"line":23,"column":null}},"3":{"start":{"line":28,"column":2},"end":{"line":31,"column":null}},"4":{"start":{"line":36,"column":2},"end":{"line":42,"column":null}},"5":{"start":{"line":37,"column":4},"end":{"line":40,"column":null}},"6":{"start":{"line":44,"column":2},"end":{"line":50,"column":null}},"7":{"start":{"line":45,"column":4},"end":{"line":48,"column":null}},"8":{"start":{"line":52,"column":38},"end":{"line":52,"column":null}},"9":{"start":{"line":53,"column":20},"end":{"line":53,"column":null}},"10":{"start":{"line":55,"column":2},"end":{"line":224,"column":null}},"11":{"start":{"line":125,"column":14},"end":{"line":125,"column":null}},"12":{"start":{"line":134,"column":14},"end":{"line":141,"column":null}},"13":{"start":{"line":138,"column":20},"end":{"line":138,"column":null}},"14":{"start":{"line":150,"column":14},"end":{"line":156,"column":null}},"15":{"start":{"line":165,"column":14},"end":{"line":183,"column":null}},"16":{"start":{"line":180,"column":20},"end":{"line":180,"column":null}}},"fnMap":{"0":{"name":"FolderIcon","decl":{"start":{"line":1,"column":9},"end":{"line":1,"column":22}},"loc":{"start":{"line":1,"column":22},"end":{"line":7,"column":null}},"line":1},"1":{"name":"ExternalIcon","decl":{"start":{"line":9,"column":9},"end":{"line":9,"column":24}},"loc":{"start":{"line":9,"column":24},"end":{"line":17,"column":null}},"line":9},"2":{"name":"GithubIcon","decl":{"start":{"line":19,"column":9},"end":{"line":19,"column":22}},"loc":{"start":{"line":19,"column":22},"end":{"line":25,"column":null}},"line":19},"3":{"name":"LinkedinIcon","decl":{"start":{"line":27,"column":9},"end":{"line":27,"column":24}},"loc":{"start":{"line":27,"column":24},"end":{"line":33,"column":null}},"line":27},"4":{"name":"Profile","decl":{"start":{"line":35,"column":24},"end":{"line":35,"column":32}},"loc":{"start":{"line":35,"column":60},"end":{"line":226,"column":null}},"line":35},"5":{"name":"(anonymous_5)","decl":{"start":{"line":124,"column":31},"end":{"line":124,"column":32}},"loc":{"start":{"line":125,"column":14},"end":{"line":125,"column":null}},"line":125},"6":{"name":"(anonymous_6)","decl":{"start":{"line":133,"column":32},"end":{"line":133,"column":33}},"loc":{"start":{"line":134,"column":14},"end":{"line":141,"column":null}},"line":134},"7":{"name":"(anonymous_7)","decl":{"start":{"line":137,"column":35},"end":{"line":137,"column":36}},"loc":{"start":{"line":138,"column":20},"end":{"line":138,"column":null}},"line":138},"8":{"name":"(anonymous_8)","decl":{"start":{"line":149,"column":36},"end":{"line":149,"column":37}},"loc":{"start":{"line":150,"column":14},"end":{"line":156,"column":null}},"line":150},"9":{"name":"(anonymous_9)","decl":{"start":{"line":164,"column":34},"end":{"line":164,"column":35}},"loc":{"start":{"line":165,"column":14},"end":{"line":183,"column":null}},"line":165},"10":{"name":"(anonymous_10)","decl":{"start":{"line":179,"column":36},"end":{"line":179,"column":37}},"loc":{"start":{"line":180,"column":20},"end":{"line":180,"column":null}},"line":180}},"branchMap":{"0":{"loc":{"start":{"line":36,"column":2},"end":{"line":42,"column":null}},"type":"if","locations":[{"start":{"line":36,"column":2},"end":{"line":42,"column":null}},{"start":{},"end":{}}],"line":36},"1":{"loc":{"start":{"line":44,"column":2},"end":{"line":50,"column":null}},"type":"if","locations":[{"start":{"line":44,"column":2},"end":{"line":50,"column":null}},{"start":{},"end":{}}],"line":44},"2":{"loc":{"start":{"line":57,"column":8},"end":{"line":76,"column":null}},"type":"binary-expr","locations":[{"start":{"line":57,"column":8},"end":{"line":57,"column":18}},{"start":{"line":57,"column":18},"end":{"line":57,"column":null}},{"start":{"line":58,"column":8},"end":{"line":76,"column":null}}],"line":57},"3":{"loc":{"start":{"line":60,"column":13},"end":{"line":65,"column":null}},"type":"binary-expr","locations":[{"start":{"line":60,"column":13},"end":{"line":60,"column":null}},{"start":{"line":61,"column":14},"end":{"line":65,"column":null}}],"line":60},"4":{"loc":{"start":{"line":67,"column":13},"end":{"line":72,"column":null}},"type":"binary-expr","locations":[{"start":{"line":67,"column":13},"end":{"line":67,"column":null}},{"start":{"line":68,"column":14},"end":{"line":72,"column":null}}],"line":67},"5":{"loc":{"start":{"line":79,"column":7},"end":{"line":85,"column":null}},"type":"binary-expr","locations":[{"start":{"line":79,"column":7},"end":{"line":79,"column":null}},{"start":{"line":80,"column":8},"end":{"line":85,"column":null}}],"line":79},"6":{"loc":{"start":{"line":95,"column":13},"end":{"line":98,"column":null}},"type":"binary-expr","locations":[{"start":{"line":95,"column":13},"end":{"line":95,"column":null}},{"start":{"line":96,"column":14},"end":{"line":98,"column":null}}],"line":95},"7":{"loc":{"start":{"line":100,"column":13},"end":{"line":103,"column":null}},"type":"binary-expr","locations":[{"start":{"line":100,"column":13},"end":{"line":100,"column":null}},{"start":{"line":101,"column":14},"end":{"line":103,"column":null}}],"line":100},"8":{"loc":{"start":{"line":108,"column":13},"end":{"line":111,"column":null}},"type":"binary-expr","locations":[{"start":{"line":108,"column":13},"end":{"line":108,"column":null}},{"start":{"line":109,"column":14},"end":{"line":111,"column":null}}],"line":108},"9":{"loc":{"start":{"line":113,"column":13},"end":{"line":116,"column":null}},"type":"binary-expr","locations":[{"start":{"line":113,"column":13},"end":{"line":113,"column":null}},{"start":{"line":114,"column":14},"end":{"line":116,"column":null}}],"line":113},"10":{"loc":{"start":{"line":168,"column":19},"end":{"line":173,"column":null}},"type":"binary-expr","locations":[{"start":{"line":168,"column":19},"end":{"line":168,"column":null}},{"start":{"line":169,"column":20},"end":{"line":173,"column":null}}],"line":168},"11":{"loc":{"start":{"line":195,"column":13},"end":{"line":198,"column":null}},"type":"binary-expr","locations":[{"start":{"line":195,"column":13},"end":{"line":195,"column":null}},{"start":{"line":196,"column":14},"end":{"line":198,"column":null}}],"line":195},"12":{"loc":{"start":{"line":200,"column":13},"end":{"line":203,"column":null}},"type":"binary-expr","locations":[{"start":{"line":200,"column":13},"end":{"line":200,"column":null}},{"start":{"line":201,"column":14},"end":{"line":203,"column":null}}],"line":200},"13":{"loc":{"start":{"line":205,"column":13},"end":{"line":208,"column":null}},"type":"binary-expr","locations":[{"start":{"line":205,"column":13},"end":{"line":205,"column":null}},{"start":{"line":206,"column":14},"end":{"line":208,"column":null}}],"line":205}},"s":{"0":16,"1":8,"2":14,"3":14,"4":15,"5":1,"6":14,"7":1,"8":13,"9":13,"10":13,"11":21,"12":16,"13":24,"14":8,"15":16,"16":16},"f":{"0":16,"1":8,"2":14,"3":14,"4":15,"5":21,"6":16,"7":24,"8":8,"9":16,"10":16},"b":{"0":[1,14],"1":[1,13],"2":[13,6,7],"3":[7,7],"4":[7,7],"5":[15,8],"6":[15,11],"7":[15,8],"8":[15,7],"9":[15,7],"10":[16,8],"11":[15,8],"12":[15,7],"13":[15,7]},"meta":{"lastBranch":14,"lastFunction":11,"lastStatement":17,"seen":{"f:1:9:1:22":0,"s:2:2:5:Infinity":0,"f:9:9:9:24":1,"s:10:2:15:Infinity":1,"f:19:9:19:22":2,"s:20:2:23:Infinity":2,"f:27:9:27:24":3,"s:28:2:31:Infinity":3,"f:35:24:35:32":4,"b:36:2:42:Infinity:undefined:undefined:undefined:undefined":0,"s:36:2:42:Infinity":4,"s:37:4:40:Infinity":5,"b:44:2:50:Infinity:undefined:undefined:undefined:undefined":1,"s:44:2:50:Infinity":6,"s:45:4:48:Infinity":7,"s:52:38:52:Infinity":8,"s:53:20:53:Infinity":9,"s:55:2:224:Infinity":10,"b:57:8:57:18:57:18:57:Infinity:58:8:76:Infinity":2,"b:60:13:60:Infinity:61:14:65:Infinity":3,"b:67:13:67:Infinity:68:14:72:Infinity":4,"b:79:7:79:Infinity:80:8:85:Infinity":5,"b:95:13:95:Infinity:96:14:98:Infinity":6,"b:100:13:100:Infinity:101:14:103:Infinity":7,"b:108:13:108:Infinity:109:14:111:Infinity":8,"b:113:13:113:Infinity:114:14:116:Infinity":9,"f:124:31:124:32":5,"s:125:14:125:Infinity":11,"f:133:32:133:33":6,"s:134:14:141:Infinity":12,"f:137:35:137:36":7,"s:138:20:138:Infinity":13,"f:149:36:149:37":8,"s:150:14:156:Infinity":14,"f:164:34:164:35":9,"s:165:14:183:Infinity":15,"b:168:19:168:Infinity:169:20:173:Infinity":10,"f:179:36:179:37":10,"s:180:20:180:Infinity":16,"b:195:13:195:Infinity:196:14:198:Infinity":11,"b:200:13:200:Infinity:201:14:203:Infinity":12,"b:205:13:205:Infinity:206:14:208:Infinity":13},"fnNames":{}}}
,"/Users/lkb/code/bluesky15/bluesky15.github.io/src/lib/format.js": {"path":"/Users/lkb/code/bluesky15/bluesky15.github.io/src/lib/format.js","statementMap":{"0":{"start":{"line":2,"column":2},"end":{"line":6,"column":null}}},"fnMap":{"0":{"name":"formatDate","decl":{"start":{"line":1,"column":16},"end":{"line":1,"column":26}},"loc":{"start":{"line":1,"column":32},"end":{"line":7,"column":null}},"line":1}},"branchMap":{},"s":{"0":27},"f":{"0":27},"b":{},"meta":{"lastBranch":0,"lastFunction":1,"lastStatement":1,"seen":{"f:1:16:1:26":0,"s:2:2:6:Infinity":0},"fnNames":{}}}
}
